mode: set
github.com/go-nunu/nunu-layout-advanced/internal/repository/repository.go:34.15,41.2 1 1
github.com/go-nunu/nunu-layout-advanced/internal/repository/repository.go:47.48,49.2 1 0
github.com/go-nunu/nunu-layout-advanced/internal/repository/repository.go:53.55,55.14 2 1
github.com/go-nunu/nunu-layout-advanced/internal/repository/repository.go:55.14,56.33 1 0
github.com/go-nunu/nunu-layout-advanced/internal/repository/repository.go:56.33,58.4 1 0
github.com/go-nunu/nunu-layout-advanced/internal/repository/repository.go:60.2,60.30 1 1
github.com/go-nunu/nunu-layout-advanced/internal/repository/repository.go:63.97,64.67 1 0
github.com/go-nunu/nunu-layout-advanced/internal/repository/repository.go:64.67,67.3 2 0
github.com/go-nunu/nunu-layout-advanced/internal/repository/repository.go:70.55,81.16 5 0
github.com/go-nunu/nunu-layout-advanced/internal/repository/repository.go:82.15,85.5 1 0
github.com/go-nunu/nunu-layout-advanced/internal/repository/repository.go:86.18,90.22 1 0
github.com/go-nunu/nunu-layout-advanced/internal/repository/repository.go:91.16,92.56 1 0
github.com/go-nunu/nunu-layout-advanced/internal/repository/repository.go:93.10,94.29 1 0
github.com/go-nunu/nunu-layout-advanced/internal/repository/repository.go:96.2,96.16 1 0
github.com/go-nunu/nunu-layout-advanced/internal/repository/repository.go:96.16,97.13 1 0
github.com/go-nunu/nunu-layout-advanced/internal/repository/repository.go:99.2,103.16 3 0
github.com/go-nunu/nunu-layout-advanced/internal/repository/repository.go:103.16,104.13 1 0
github.com/go-nunu/nunu-layout-advanced/internal/repository/repository.go:106.2,109.11 4 0
github.com/go-nunu/nunu-layout-advanced/internal/repository/repository.go:111.48,122.16 5 0
github.com/go-nunu/nunu-layout-advanced/internal/repository/repository.go:122.16,123.53 1 0
github.com/go-nunu/nunu-layout-advanced/internal/repository/repository.go:126.2,126.12 1 0
github.com/go-nunu/nunu-layout-advanced/internal/repository/repository.go:128.65,133.16 3 0
github.com/go-nunu/nunu-layout-advanced/internal/repository/repository.go:133.16,134.60 1 0
github.com/go-nunu/nunu-layout-advanced/internal/repository/repository.go:137.2,141.16 4 0
github.com/go-nunu/nunu-layout-advanced/internal/repository/repository.go:141.16,142.58 1 0
github.com/go-nunu/nunu-layout-advanced/internal/repository/repository.go:145.2,145.24 1 0
github.com/go-nunu/nunu-layout-advanced/internal/repository/repository.go:145.24,147.17 2 0
github.com/go-nunu/nunu-layout-advanced/internal/repository/repository.go:147.17,148.65 1 0
github.com/go-nunu/nunu-layout-advanced/internal/repository/transaction.go:21.25,25.2 1 0
github.com/go-nunu/nunu-layout-advanced/internal/repository/transaction.go:32.99,33.60 1 0
github.com/go-nunu/nunu-layout-advanced/internal/repository/transaction.go:33.60,35.3 1 0
github.com/go-nunu/nunu-layout-advanced/internal/repository/transaction.go:36.2,36.12 1 0
github.com/go-nunu/nunu-layout-advanced/internal/repository/transaction.go:40.112,42.119 2 0
github.com/go-nunu/nunu-layout-advanced/internal/repository/transaction.go:42.119,43.45 1 0
github.com/go-nunu/nunu-layout-advanced/internal/repository/transaction.go:43.45,45.4 1 0
github.com/go-nunu/nunu-layout-advanced/internal/repository/transaction.go:46.3,46.18 1 0
github.com/go-nunu/nunu-layout-advanced/internal/repository/transaction.go:48.2,48.26 1 0
github.com/go-nunu/nunu-layout-advanced/internal/repository/transaction.go:52.162,56.22 2 0
github.com/go-nunu/nunu-layout-advanced/internal/repository/transaction.go:56.22,58.3 1 0
github.com/go-nunu/nunu-layout-advanced/internal/repository/transaction.go:59.2,59.24 1 0
github.com/go-nunu/nunu-layout-advanced/internal/repository/transaction.go:59.24,61.3 1 0
github.com/go-nunu/nunu-layout-advanced/internal/repository/transaction.go:62.2,62.24 1 0
github.com/go-nunu/nunu-layout-advanced/internal/repository/transaction.go:62.24,64.3 1 0
github.com/go-nunu/nunu-layout-advanced/internal/repository/transaction.go:67.2,69.14 2 0
github.com/go-nunu/nunu-layout-advanced/internal/repository/user.go:20.18,24.2 1 1
github.com/go-nunu/nunu-layout-advanced/internal/repository/user.go:30.78,31.53 1 1
github.com/go-nunu/nunu-layout-advanced/internal/repository/user.go:31.53,33.3 1 0
github.com/go-nunu/nunu-layout-advanced/internal/repository/user.go:34.2,34.12 1 1
github.com/go-nunu/nunu-layout-advanced/internal/repository/user.go:37.78,38.51 1 1
github.com/go-nunu/nunu-layout-advanced/internal/repository/user.go:38.51,40.3 1 0
github.com/go-nunu/nunu-layout-advanced/internal/repository/user.go:41.2,41.12 1 1
github.com/go-nunu/nunu-layout-advanced/internal/repository/user.go:44.91,46.82 2 1
github.com/go-nunu/nunu-layout-advanced/internal/repository/user.go:46.82,47.45 1 0
github.com/go-nunu/nunu-layout-advanced/internal/repository/user.go:47.45,49.4 1 0
github.com/go-nunu/nunu-layout-advanced/internal/repository/user.go:50.3,50.18 1 0
github.com/go-nunu/nunu-layout-advanced/internal/repository/user.go:52.2,52.19 1 1
github.com/go-nunu/nunu-layout-advanced/internal/repository/user.go:55.93,57.79 2 1
github.com/go-nunu/nunu-layout-advanced/internal/repository/user.go:57.79,58.45 1 0
github.com/go-nunu/nunu-layout-advanced/internal/repository/user.go:58.45,60.4 1 0
github.com/go-nunu/nunu-layout-advanced/internal/repository/user.go:61.3,61.18 1 0
github.com/go-nunu/nunu-layout-advanced/internal/repository/user.go:63.2,63.19 1 1
github.com/go-nunu/nunu-layout-advanced/internal/handler/handler.go:15.12,19.2 1 1
github.com/go-nunu/nunu-layout-advanced/internal/handler/handler.go:20.48,22.13 2 1
github.com/go-nunu/nunu-layout-advanced/internal/handler/handler.go:22.13,24.3 1 0
github.com/go-nunu/nunu-layout-advanced/internal/handler/handler.go:25.2,25.39 1 1
github.com/go-nunu/nunu-layout-advanced/internal/handler/transaction.go:16.113,21.2 1 0
github.com/go-nunu/nunu-layout-advanced/internal/handler/transaction.go:33.63,35.25 2 0
github.com/go-nunu/nunu-layout-advanced/internal/handler/transaction.go:35.25,38.3 2 0
github.com/go-nunu/nunu-layout-advanced/internal/handler/transaction.go:40.2,41.16 2 0
github.com/go-nunu/nunu-layout-advanced/internal/handler/transaction.go:41.16,43.28 2 0
github.com/go-nunu/nunu-layout-advanced/internal/handler/transaction.go:43.28,45.4 1 0
github.com/go-nunu/nunu-layout-advanced/internal/handler/transaction.go:45.9,47.4 1 0
github.com/go-nunu/nunu-layout-advanced/internal/handler/transaction.go:48.3,48.9 1 0
github.com/go-nunu/nunu-layout-advanced/internal/handler/transaction.go:51.2,51.36 1 0
github.com/go-nunu/nunu-layout-advanced/internal/handler/transaction.go:69.64,71.52 2 0
github.com/go-nunu/nunu-layout-advanced/internal/handler/transaction.go:71.52,74.3 2 0
github.com/go-nunu/nunu-layout-advanced/internal/handler/transaction.go:76.2,78.29 2 0
github.com/go-nunu/nunu-layout-advanced/internal/handler/user.go:16.85,21.2 1 1
github.com/go-nunu/nunu-layout-advanced/internal/handler/user.go:33.50,35.48 2 1
github.com/go-nunu/nunu-layout-advanced/internal/handler/user.go:35.48,38.3 2 0
github.com/go-nunu/nunu-layout-advanced/internal/handler/user.go:40.2,40.57 1 1
github.com/go-nunu/nunu-layout-advanced/internal/handler/user.go:40.57,44.3 3 0
github.com/go-nunu/nunu-layout-advanced/internal/handler/user.go:46.2,46.28 1 1
github.com/go-nunu/nunu-layout-advanced/internal/handler/user.go:59.47,61.49 2 1
github.com/go-nunu/nunu-layout-advanced/internal/handler/user.go:61.49,64.3 2 0
github.com/go-nunu/nunu-layout-advanced/internal/handler/user.go:66.2,67.16 2 1
github.com/go-nunu/nunu-layout-advanced/internal/handler/user.go:67.16,70.3 2 0
github.com/go-nunu/nunu-layout-advanced/internal/handler/user.go:71.2,73.4 1 1
github.com/go-nunu/nunu-layout-advanced/internal/handler/user.go:86.52,88.18 2 1
github.com/go-nunu/nunu-layout-advanced/internal/handler/user.go:88.18,91.3 2 0
github.com/go-nunu/nunu-layout-advanced/internal/handler/user.go:93.2,94.16 2 1
github.com/go-nunu/nunu-layout-advanced/internal/handler/user.go:94.16,97.3 2 0
github.com/go-nunu/nunu-layout-advanced/internal/handler/user.go:99.2,99.29 1 1
github.com/go-nunu/nunu-layout-advanced/internal/handler/user.go:113.55,117.49 3 1
github.com/go-nunu/nunu-layout-advanced/internal/handler/user.go:117.49,120.3 2 0
github.com/go-nunu/nunu-layout-advanced/internal/handler/user.go:122.2,122.71 1 1
github.com/go-nunu/nunu-layout-advanced/internal/handler/user.go:122.71,125.3 2 0
github.com/go-nunu/nunu-layout-advanced/internal/handler/user.go:127.2,127.28 1 1
github.com/go-nunu/nunu-layout-advanced/internal/repository/repository.go:34.15,41.2 1 0
github.com/go-nunu/nunu-layout-advanced/internal/repository/repository.go:47.48,49.2 1 0
github.com/go-nunu/nunu-layout-advanced/internal/repository/repository.go:53.55,55.14 2 0
github.com/go-nunu/nunu-layout-advanced/internal/repository/repository.go:55.14,56.33 1 0
github.com/go-nunu/nunu-layout-advanced/internal/repository/repository.go:56.33,58.4 1 0
github.com/go-nunu/nunu-layout-advanced/internal/repository/repository.go:60.2,60.30 1 0
github.com/go-nunu/nunu-layout-advanced/internal/repository/repository.go:63.97,64.67 1 0
github.com/go-nunu/nunu-layout-advanced/internal/repository/repository.go:64.67,67.3 2 0
github.com/go-nunu/nunu-layout-advanced/internal/repository/repository.go:70.55,81.16 5 0
github.com/go-nunu/nunu-layout-advanced/internal/repository/repository.go:82.15,85.5 1 0
github.com/go-nunu/nunu-layout-advanced/internal/repository/repository.go:86.18,90.22 1 0
github.com/go-nunu/nunu-layout-advanced/internal/repository/repository.go:91.16,92.56 1 0
github.com/go-nunu/nunu-layout-advanced/internal/repository/repository.go:93.10,94.29 1 0
github.com/go-nunu/nunu-layout-advanced/internal/repository/repository.go:96.2,96.16 1 0
github.com/go-nunu/nunu-layout-advanced/internal/repository/repository.go:96.16,97.13 1 0
github.com/go-nunu/nunu-layout-advanced/internal/repository/repository.go:99.2,103.16 3 0
github.com/go-nunu/nunu-layout-advanced/internal/repository/repository.go:103.16,104.13 1 0
github.com/go-nunu/nunu-layout-advanced/internal/repository/repository.go:106.2,109.11 4 0
github.com/go-nunu/nunu-layout-advanced/internal/repository/repository.go:111.48,122.16 5 0
github.com/go-nunu/nunu-layout-advanced/internal/repository/repository.go:122.16,123.53 1 0
github.com/go-nunu/nunu-layout-advanced/internal/repository/repository.go:126.2,126.12 1 0
github.com/go-nunu/nunu-layout-advanced/internal/repository/repository.go:128.65,133.16 3 0
github.com/go-nunu/nunu-layout-advanced/internal/repository/repository.go:133.16,134.60 1 0
github.com/go-nunu/nunu-layout-advanced/internal/repository/repository.go:137.2,141.16 4 0
github.com/go-nunu/nunu-layout-advanced/internal/repository/repository.go:141.16,142.58 1 0
github.com/go-nunu/nunu-layout-advanced/internal/repository/repository.go:145.2,145.24 1 0
github.com/go-nunu/nunu-layout-advanced/internal/repository/repository.go:145.24,147.17 2 0
github.com/go-nunu/nunu-layout-advanced/internal/repository/repository.go:147.17,148.65 1 0
github.com/go-nunu/nunu-layout-advanced/internal/repository/transaction.go:21.25,25.2 1 0
github.com/go-nunu/nunu-layout-advanced/internal/repository/transaction.go:32.99,33.60 1 0
github.com/go-nunu/nunu-layout-advanced/internal/repository/transaction.go:33.60,35.3 1 0
github.com/go-nunu/nunu-layout-advanced/internal/repository/transaction.go:36.2,36.12 1 0
github.com/go-nunu/nunu-layout-advanced/internal/repository/transaction.go:40.112,42.119 2 0
github.com/go-nunu/nunu-layout-advanced/internal/repository/transaction.go:42.119,43.45 1 0
github.com/go-nunu/nunu-layout-advanced/internal/repository/transaction.go:43.45,45.4 1 0
github.com/go-nunu/nunu-layout-advanced/internal/repository/transaction.go:46.3,46.18 1 0
github.com/go-nunu/nunu-layout-advanced/internal/repository/transaction.go:48.2,48.26 1 0
github.com/go-nunu/nunu-layout-advanced/internal/repository/transaction.go:52.162,56.22 2 0
github.com/go-nunu/nunu-layout-advanced/internal/repository/transaction.go:56.22,58.3 1 0
github.com/go-nunu/nunu-layout-advanced/internal/repository/transaction.go:59.2,59.24 1 0
github.com/go-nunu/nunu-layout-advanced/internal/repository/transaction.go:59.24,61.3 1 0
github.com/go-nunu/nunu-layout-advanced/internal/repository/transaction.go:62.2,62.24 1 0
github.com/go-nunu/nunu-layout-advanced/internal/repository/transaction.go:62.24,64.3 1 0
github.com/go-nunu/nunu-layout-advanced/internal/repository/transaction.go:67.2,69.14 2 0
github.com/go-nunu/nunu-layout-advanced/internal/repository/user.go:20.18,24.2 1 0
github.com/go-nunu/nunu-layout-advanced/internal/repository/user.go:30.78,31.53 1 0
github.com/go-nunu/nunu-layout-advanced/internal/repository/user.go:31.53,33.3 1 0
github.com/go-nunu/nunu-layout-advanced/internal/repository/user.go:34.2,34.12 1 0
github.com/go-nunu/nunu-layout-advanced/internal/repository/user.go:37.78,38.51 1 0
github.com/go-nunu/nunu-layout-advanced/internal/repository/user.go:38.51,40.3 1 0
github.com/go-nunu/nunu-layout-advanced/internal/repository/user.go:41.2,41.12 1 0
github.com/go-nunu/nunu-layout-advanced/internal/repository/user.go:44.91,46.82 2 0
github.com/go-nunu/nunu-layout-advanced/internal/repository/user.go:46.82,47.45 1 0
github.com/go-nunu/nunu-layout-advanced/internal/repository/user.go:47.45,49.4 1 0
github.com/go-nunu/nunu-layout-advanced/internal/repository/user.go:50.3,50.18 1 0
github.com/go-nunu/nunu-layout-advanced/internal/repository/user.go:52.2,52.19 1 0
github.com/go-nunu/nunu-layout-advanced/internal/repository/user.go:55.93,57.79 2 0
github.com/go-nunu/nunu-layout-advanced/internal/repository/user.go:57.79,58.45 1 0
github.com/go-nunu/nunu-layout-advanced/internal/repository/user.go:58.45,60.4 1 0
github.com/go-nunu/nunu-layout-advanced/internal/repository/user.go:61.3,61.18 1 0
github.com/go-nunu/nunu-layout-advanced/internal/repository/user.go:63.2,63.19 1 0
github.com/go-nunu/nunu-layout-advanced/internal/service/service.go:22.12,29.2 1 0
github.com/go-nunu/nunu-layout-advanced/internal/service/transaction.go:19.22,24.2 1 0
github.com/go-nunu/nunu-layout-advanced/internal/service/transaction.go:32.124,34.16 2 0
github.com/go-nunu/nunu-layout-advanced/internal/service/transaction.go:34.16,36.3 1 0
github.com/go-nunu/nunu-layout-advanced/internal/service/transaction.go:38.2,47.8 1 0
github.com/go-nunu/nunu-layout-advanced/internal/service/transaction.go:51.137,55.2 3 0
github.com/go-nunu/nunu-layout-advanced/internal/service/user.go:22.15,27.2 1 0
github.com/go-nunu/nunu-layout-advanced/internal/service/user.go:34.84,37.16 2 0
github.com/go-nunu/nunu-layout-advanced/internal/service/user.go:37.16,39.3 1 0
github.com/go-nunu/nunu-layout-advanced/internal/service/user.go:40.2,40.31 1 0
github.com/go-nunu/nunu-layout-advanced/internal/service/user.go:40.31,42.3 1 0
github.com/go-nunu/nunu-layout-advanced/internal/service/user.go:44.2,45.16 2 0
github.com/go-nunu/nunu-layout-advanced/internal/service/user.go:45.16,47.3 1 0
github.com/go-nunu/nunu-layout-advanced/internal/service/user.go:49.2,50.16 2 0
github.com/go-nunu/nunu-layout-advanced/internal/service/user.go:50.16,52.3 1 0
github.com/go-nunu/nunu-layout-advanced/internal/service/user.go:53.2,59.62 2 0
github.com/go-nunu/nunu-layout-advanced/internal/service/user.go:59.62,61.53 1 0
github.com/go-nunu/nunu-layout-advanced/internal/service/user.go:61.53,63.4 1 0
github.com/go-nunu/nunu-layout-advanced/internal/service/user.go:65.3,65.13 1 0
github.com/go-nunu/nunu-layout-advanced/internal/service/user.go:67.2,67.12 1 0
github.com/go-nunu/nunu-layout-advanced/internal/service/user.go:70.88,72.31 2 0
github.com/go-nunu/nunu-layout-advanced/internal/service/user.go:72.31,74.3 1 0
github.com/go-nunu/nunu-layout-advanced/internal/service/user.go:76.2,77.16 2 0
github.com/go-nunu/nunu-layout-advanced/internal/service/user.go:77.16,79.3 1 0
github.com/go-nunu/nunu-layout-advanced/internal/service/user.go:80.2,81.16 2 0
github.com/go-nunu/nunu-layout-advanced/internal/service/user.go:81.16,83.3 1 0
github.com/go-nunu/nunu-layout-advanced/internal/service/user.go:85.2,85.19 1 0
github.com/go-nunu/nunu-layout-advanced/internal/service/user.go:88.106,90.16 2 0
github.com/go-nunu/nunu-layout-advanced/internal/service/user.go:90.16,92.3 1 0
github.com/go-nunu/nunu-layout-advanced/internal/service/user.go:94.2,97.8 1 0
github.com/go-nunu/nunu-layout-advanced/internal/service/user.go:100.109,102.16 2 0
github.com/go-nunu/nunu-layout-advanced/internal/service/user.go:102.16,104.3 1 0
github.com/go-nunu/nunu-layout-advanced/internal/service/user.go:106.2,109.52 3 0
github.com/go-nunu/nunu-layout-advanced/internal/service/user.go:109.52,111.3 1 0
github.com/go-nunu/nunu-layout-advanced/internal/service/user.go:113.2,113.12 1 0
github.com/go-nunu/nunu-layout-advanced/internal/repository/repository.go:34.15,41.2 1 0
github.com/go-nunu/nunu-layout-advanced/internal/repository/repository.go:47.48,49.2 1 0
github.com/go-nunu/nunu-layout-advanced/internal/repository/repository.go:53.55,55.14 2 0
github.com/go-nunu/nunu-layout-advanced/internal/repository/repository.go:55.14,56.33 1 0
github.com/go-nunu/nunu-layout-advanced/internal/repository/repository.go:56.33,58.4 1 0
github.com/go-nunu/nunu-layout-advanced/internal/repository/repository.go:60.2,60.30 1 0
github.com/go-nunu/nunu-layout-advanced/internal/repository/repository.go:63.97,64.67 1 0
github.com/go-nunu/nunu-layout-advanced/internal/repository/repository.go:64.67,67.3 2 0
github.com/go-nunu/nunu-layout-advanced/internal/repository/repository.go:70.55,81.16 5 0
github.com/go-nunu/nunu-layout-advanced/internal/repository/repository.go:82.15,85.5 1 0
github.com/go-nunu/nunu-layout-advanced/internal/repository/repository.go:86.18,90.22 1 0
github.com/go-nunu/nunu-layout-advanced/internal/repository/repository.go:91.16,92.56 1 0
github.com/go-nunu/nunu-layout-advanced/internal/repository/repository.go:93.10,94.29 1 0
github.com/go-nunu/nunu-layout-advanced/internal/repository/repository.go:96.2,96.16 1 0
github.com/go-nunu/nunu-layout-advanced/internal/repository/repository.go:96.16,97.13 1 0
github.com/go-nunu/nunu-layout-advanced/internal/repository/repository.go:99.2,103.16 3 0
github.com/go-nunu/nunu-layout-advanced/internal/repository/repository.go:103.16,104.13 1 0
github.com/go-nunu/nunu-layout-advanced/internal/repository/repository.go:106.2,109.11 4 0
github.com/go-nunu/nunu-layout-advanced/internal/repository/repository.go:111.48,122.16 5 0
github.com/go-nunu/nunu-layout-advanced/internal/repository/repository.go:122.16,123.53 1 0
github.com/go-nunu/nunu-layout-advanced/internal/repository/repository.go:126.2,126.12 1 0
github.com/go-nunu/nunu-layout-advanced/internal/repository/repository.go:128.65,133.16 3 0
github.com/go-nunu/nunu-layout-advanced/internal/repository/repository.go:133.16,134.60 1 0
github.com/go-nunu/nunu-layout-advanced/internal/repository/repository.go:137.2,141.16 4 0
github.com/go-nunu/nunu-layout-advanced/internal/repository/repository.go:141.16,142.58 1 0
github.com/go-nunu/nunu-layout-advanced/internal/repository/repository.go:145.2,145.24 1 0
github.com/go-nunu/nunu-layout-advanced/internal/repository/repository.go:145.24,147.17 2 0
github.com/go-nunu/nunu-layout-advanced/internal/repository/repository.go:147.17,148.65 1 0
github.com/go-nunu/nunu-layout-advanced/internal/repository/transaction.go:21.25,25.2 1 0
github.com/go-nunu/nunu-layout-advanced/internal/repository/transaction.go:32.99,33.60 1 0
github.com/go-nunu/nunu-layout-advanced/internal/repository/transaction.go:33.60,35.3 1 0
github.com/go-nunu/nunu-layout-advanced/internal/repository/transaction.go:36.2,36.12 1 0
github.com/go-nunu/nunu-layout-advanced/internal/repository/transaction.go:40.112,42.119 2 0
github.com/go-nunu/nunu-layout-advanced/internal/repository/transaction.go:42.119,43.45 1 0
github.com/go-nunu/nunu-layout-advanced/internal/repository/transaction.go:43.45,45.4 1 0
github.com/go-nunu/nunu-layout-advanced/internal/repository/transaction.go:46.3,46.18 1 0
github.com/go-nunu/nunu-layout-advanced/internal/repository/transaction.go:48.2,48.26 1 0
github.com/go-nunu/nunu-layout-advanced/internal/repository/transaction.go:52.162,56.22 2 0
github.com/go-nunu/nunu-layout-advanced/internal/repository/transaction.go:56.22,58.3 1 0
github.com/go-nunu/nunu-layout-advanced/internal/repository/transaction.go:59.2,59.24 1 0
github.com/go-nunu/nunu-layout-advanced/internal/repository/transaction.go:59.24,61.3 1 0
github.com/go-nunu/nunu-layout-advanced/internal/repository/transaction.go:62.2,62.24 1 0
github.com/go-nunu/nunu-layout-advanced/internal/repository/transaction.go:62.24,64.3 1 0
github.com/go-nunu/nunu-layout-advanced/internal/repository/transaction.go:67.2,69.14 2 0
github.com/go-nunu/nunu-layout-advanced/internal/repository/user.go:20.18,24.2 1 0
github.com/go-nunu/nunu-layout-advanced/internal/repository/user.go:30.78,31.53 1 0
github.com/go-nunu/nunu-layout-advanced/internal/repository/user.go:31.53,33.3 1 0
github.com/go-nunu/nunu-layout-advanced/internal/repository/user.go:34.2,34.12 1 0
github.com/go-nunu/nunu-layout-advanced/internal/repository/user.go:37.78,38.51 1 0
github.com/go-nunu/nunu-layout-advanced/internal/repository/user.go:38.51,40.3 1 0
github.com/go-nunu/nunu-layout-advanced/internal/repository/user.go:41.2,41.12 1 0
github.com/go-nunu/nunu-layout-advanced/internal/repository/user.go:44.91,46.82 2 0
github.com/go-nunu/nunu-layout-advanced/internal/repository/user.go:46.82,47.45 1 0
github.com/go-nunu/nunu-layout-advanced/internal/repository/user.go:47.45,49.4 1 0
github.com/go-nunu/nunu-layout-advanced/internal/repository/user.go:50.3,50.18 1 0
github.com/go-nunu/nunu-layout-advanced/internal/repository/user.go:52.2,52.19 1 0
github.com/go-nunu/nunu-layout-advanced/internal/repository/user.go:55.93,57.79 2 0
github.com/go-nunu/nunu-layout-advanced/internal/repository/user.go:57.79,58.45 1 0
github.com/go-nunu/nunu-layout-advanced/internal/repository/user.go:58.45,60.4 1 0
github.com/go-nunu/nunu-layout-advanced/internal/repository/user.go:61.3,61.18 1 0
github.com/go-nunu/nunu-layout-advanced/internal/repository/user.go:63.2,63.19 1 0
github.com/go-nunu/nunu-layout-advanced/internal/service/service.go:22.12,29.2 1 1
github.com/go-nunu/nunu-layout-advanced/internal/service/transaction.go:19.22,24.2 1 0
github.com/go-nunu/nunu-layout-advanced/internal/service/transaction.go:32.124,34.16 2 0
github.com/go-nunu/nunu-layout-advanced/internal/service/transaction.go:34.16,36.3 1 0
github.com/go-nunu/nunu-layout-advanced/internal/service/transaction.go:38.2,47.8 1 0
github.com/go-nunu/nunu-layout-advanced/internal/service/transaction.go:51.137,55.2 3 0
github.com/go-nunu/nunu-layout-advanced/internal/service/user.go:22.15,27.2 1 1
github.com/go-nunu/nunu-layout-advanced/internal/service/user.go:34.84,37.16 2 1
github.com/go-nunu/nunu-layout-advanced/internal/service/user.go:37.16,39.3 1 0
github.com/go-nunu/nunu-layout-advanced/internal/service/user.go:40.2,40.31 1 1
github.com/go-nunu/nunu-layout-advanced/internal/service/user.go:40.31,42.3 1 1
github.com/go-nunu/nunu-layout-advanced/internal/service/user.go:44.2,45.16 2 1
github.com/go-nunu/nunu-layout-advanced/internal/service/user.go:45.16,47.3 1 0
github.com/go-nunu/nunu-layout-advanced/internal/service/user.go:49.2,50.16 2 1
github.com/go-nunu/nunu-layout-advanced/internal/service/user.go:50.16,52.3 1 0
github.com/go-nunu/nunu-layout-advanced/internal/service/user.go:53.2,59.62 2 1
github.com/go-nunu/nunu-layout-advanced/internal/service/user.go:59.62,61.53 1 0
github.com/go-nunu/nunu-layout-advanced/internal/service/user.go:61.53,63.4 1 0
github.com/go-nunu/nunu-layout-advanced/internal/service/user.go:65.3,65.13 1 0
github.com/go-nunu/nunu-layout-advanced/internal/service/user.go:67.2,67.12 1 1
github.com/go-nunu/nunu-layout-advanced/internal/service/user.go:70.88,72.31 2 1
github.com/go-nunu/nunu-layout-advanced/internal/service/user.go:72.31,74.3 1 1
github.com/go-nunu/nunu-layout-advanced/internal/service/user.go:76.2,77.16 2 1
github.com/go-nunu/nunu-layout-advanced/internal/service/user.go:77.16,79.3 1 0
github.com/go-nunu/nunu-layout-advanced/internal/service/user.go:80.2,81.16 2 1
github.com/go-nunu/nunu-layout-advanced/internal/service/user.go:81.16,83.3 1 0
github.com/go-nunu/nunu-layout-advanced/internal/service/user.go:85.2,85.19 1 1
github.com/go-nunu/nunu-layout-advanced/internal/service/user.go:88.106,90.16 2 1
github.com/go-nunu/nunu-layout-advanced/internal/service/user.go:90.16,92.3 1 0
github.com/go-nunu/nunu-layout-advanced/internal/service/user.go:94.2,97.8 1 1
github.com/go-nunu/nunu-layout-advanced/internal/service/user.go:100.109,102.16 2 1
github.com/go-nunu/nunu-layout-advanced/internal/service/user.go:102.16,104.3 1 1
github.com/go-nunu/nunu-layout-advanced/internal/service/user.go:106.2,109.52 3 1
github.com/go-nunu/nunu-layout-advanced/internal/service/user.go:109.52,111.3 1 0
github.com/go-nunu/nunu-layout-advanced/internal/service/user.go:113.2,113.12 1 1
